#
# There is insufficient memory for the Java Runtime Environment to continue.
# Native memory allocation (mmap) failed to map 22020096 bytes for Failed to commit area from 0x000000008fa00000 to 0x0000000090f00000 of length 22020096.
# Possible reasons:
#   The system is out of physical RAM or swap space
#   The process is running with CompressedOops enabled, and the Java Heap may be blocking the growth of the native heap
# Possible solutions:
#   Reduce memory load on the system
#   Increase physical memory or swap space
#   Check if swap backing store is full
#   Decrease Java heap size (-Xmx/-Xms)
#   Decrease number of Java threads
#   Decrease Java thread stack sizes (-Xss)
#   Set larger code cache with -XX:ReservedCodeCacheSize=
#   JVM is running with Unscaled Compressed Oops mode in which the Java heap is
#     placed in the first 4GB address space. The Java Heap base address is the
#     maximum limit for the native heap growth. Please use -XX:HeapBaseMinAddress
#     to set the Java Heap base and to place the Java Heap above 4GB virtual address.
# This output file may be truncated or incomplete.
#
#  Out of Memory Error (./src/hotspot/os/windows/os_windows.cpp:3303), pid=8840, tid=5016
#
# JRE version: OpenJDK Runtime Environment JBR-11.0.9.11-1145.21-jcef (11.0.9+11) (build 11.0.9+11-b1145.21)
# Java VM: OpenJDK 64-Bit Server VM JBR-11.0.9.11-1145.21-jcef (11.0.9+11-b1145.21, mixed mode, tiered, compressed oops, g1 gc, windows-amd64)
# No core dump will be written. Minidumps are not enabled by default on client versions of Windows
#

---------------  S U M M A R Y ------------

Command Line: --add-opens=java.base/java.util=ALL-UNNAMED --add-opens=java.base/java.lang=ALL-UNNAMED --add-opens=java.base/java.lang.invoke=ALL-UNNAMED --add-opens=java.prefs/java.util.prefs=ALL-UNNAMED -Xmx2048m -Dfile.encoding=windows-1252 -Duser.country=US -Duser.language=en -Duser.variant org.gradle.launcher.daemon.bootstrap.GradleDaemon 6.1.1

Host: Intel(R) Core(TM) i3-7100U CPU @ 2.40GHz, 4 cores, 3G,  Windows 10 , 64 bit Build 18362 (10.0.18362.1110)
Time: Sun Dec 27 12:44:07 2020 India Standard Time elapsed time: 2564.701051 seconds (0d 0h 42m 44s)

---------------  T H R E A D  ---------------

Current thread (0x000001ae66649000):  JavaThread "ForkJoinPool.commonPool-worker-5" daemon [_thread_in_vm, id=5016, stack(0x00000018ca900000,0x00000018caa00000)]

Stack: [0x00000018ca900000,0x00000018caa00000]
Native frames: (J=compiled Java code, j=interpreted, Vv=VM code, C=native code)
V  [jvm.dll+0x5ed3ca]
V  [jvm.dll+0x722725]
V  [jvm.dll+0x723c7d]
V  [jvm.dll+0x724333]
V  [jvm.dll+0x242bd8]
V  [jvm.dll+0x5ea884]
V  [jvm.dll+0x5df995]
V  [jvm.dll+0x2fe13b]
V  [jvm.dll+0x2fe0aa]
V  [jvm.dll+0x2fdf82]
V  [jvm.dll+0x302e56]
V  [jvm.dll+0x34b583]
V  [jvm.dll+0x34bc86]
V  [jvm.dll+0x34b683]
V  [jvm.dll+0x2d95c5]
V  [jvm.dll+0x2d59ff]
V  [jvm.dll+0x586532]
V  [jvm.dll+0x585dbc]
V  [jvm.dll+0x1e8f3d]
V  [jvm.dll+0x6ffd5f]
V  [jvm.dll+0x36d894]
C  0x000001ae4ad3e757

Java frames: (J=compiled Java code, j=interpreted, Vv=VM code)
j  java.nio.file.Files.read(Ljava/io/InputStream;I)[B+3 java.base@11.0.9
j  java.nio.file.Files.readAllBytes(Ljava/nio/file/Path;)[B+56 java.base@11.0.9
j  com.android.builder.internal.packaging.ApkFlinger$writeFile$1.call()V+36
j  com.android.builder.internal.packaging.ApkFlinger$writeFile$1.call()Ljava/lang/Object;+1
J 16843 c1 java.util.concurrent.ForkJoinTask$AdaptedCallable.exec()Z java.base@11.0.9 (28 bytes) @ 0x000001ae4d46e6e4 [0x000001ae4d46e5e0+0x0000000000000104]
J 20999 c1 java.util.concurrent.ForkJoinTask.doExec()I java.base@11.0.9 (37 bytes) @ 0x000001ae4d9547c4 [0x000001ae4d954680+0x0000000000000144]
j  java.util.concurrent.ForkJoinPool$WorkQueue.topLevelExec(Ljava/util/concurrent/ForkJoinTask;Ljava/util/concurrent/ForkJoinPool$WorkQueue;I)V+12 java.base@11.0.9
j  java.util.concurrent.ForkJoinPool.scan(Ljava/util/concurrent/ForkJoinPool$WorkQueue;I)Z+182 java.base@11.0.9
j  java.util.concurrent.ForkJoinPool.runWorker(Ljava/util/concurrent/ForkJoinPool$WorkQueue;)V+25 java.base@11.0.9
j  java.util.concurrent.ForkJoinWorkerThread.run()V+24 java.base@11.0.9
v  ~StubRoutines::call_stub

---------------  P R O C E S S  ---------------

Threads class SMR info:
_java_thread_list=0x000001ae622dd570, length=51, elements={
0x000001ae4590e000, 0x000001ae6150a000, 0x000001ae6150b000, 0x000001ae6156b800,
0x000001ae6156c800, 0x000001ae6156e000, 0x000001ae61e8c800, 0x000001ae61e95800,
0x000001ae61fe4000, 0x000001ae62003000, 0x000001ae63145800, 0x000001ae63686800,
0x000001ae6381c000, 0x000001ae62c21000, 0x000001ae62c1e000, 0x000001ae62c1b800,
0x000001ae62c1e800, 0x000001ae62c22000, 0x000001ae62c20800, 0x000001ae688bc800,
0x000001ae688b8000, 0x000001ae688b1000, 0x000001ae688af000, 0x000001ae688b1800,
0x000001ae688b2800, 0x000001ae688b5800, 0x000001ae688b0000, 0x000001ae688b7800,
0x000001ae688b9000, 0x000001ae688b6800, 0x000001ae688ba000, 0x000001ae688be000,
0x000001ae688bb800, 0x000001ae688bd000, 0x000001ae688ba800, 0x000001ae6b801000,
0x000001ae6b804800, 0x000001ae6b805000, 0x000001ae6b806000, 0x000001ae6b800800,
0x000001ae6b807000, 0x000001ae6b803800, 0x000001ae6b802000, 0x000001ae6b80e000,
0x000001ae6b80b800, 0x000001ae6b80b000, 0x000001ae6b809800, 0x000001ae6b80a000,
0x000001ae6b80d800, 0x000001ae66649000, 0x000001ae6664d000
}

Java Threads: ( => current thread )
  0x000001ae4590e000 JavaThread "main" [_thread_blocked, id=32, stack(0x00000018c7900000,0x00000018c7a00000)]
  0x000001ae6150a000 JavaThread "Reference Handler" daemon [_thread_blocked, id=6604, stack(0x00000018c8000000,0x00000018c8100000)]
  0x000001ae6150b000 JavaThread "Finalizer" daemon [_thread_blocked, id=7796, stack(0x00000018c8100000,0x00000018c8200000)]
  0x000001ae6156b800 JavaThread "Signal Dispatcher" daemon [_thread_blocked, id=9796, stack(0x00000018c8200000,0x00000018c8300000)]
  0x000001ae6156c800 JavaThread "Attach Listener" daemon [_thread_blocked, id=6736, stack(0x00000018c8300000,0x00000018c8400000)]
  0x000001ae6156e000 JavaThread "C2 CompilerThread0" daemon [_thread_blocked, id=12680, stack(0x00000018c8400000,0x00000018c8500000)]
  0x000001ae61e8c800 JavaThread "C1 CompilerThread0" daemon [_thread_blocked, id=10992, stack(0x00000018c8500000,0x00000018c8600000)]
  0x000001ae61e95800 JavaThread "Sweeper thread" daemon [_thread_blocked, id=13996, stack(0x00000018c8600000,0x00000018c8700000)]
  0x000001ae61fe4000 JavaThread "Common-Cleaner" daemon [_thread_blocked, id=10236, stack(0x00000018c8700000,0x00000018c8800000)]
  0x000001ae62003000 JavaThread "Service Thread" daemon [_thread_blocked, id=12344, stack(0x00000018c8800000,0x00000018c8900000)]
  0x000001ae63145800 JavaThread "Daemon health stats" [_thread_blocked, id=11768, stack(0x00000018c8b00000,0x00000018c8c00000)]
  0x000001ae63686800 JavaThread "Incoming local TCP Connector on port 51496" [_thread_in_native, id=1992, stack(0x00000018c8c00000,0x00000018c8d00000)]
  0x000001ae6381c000 JavaThread "Daemon periodic checks" [_thread_blocked, id=11784, stack(0x00000018c8d00000,0x00000018c8e00000)]
  0x000001ae62c21000 JavaThread "Cache worker for journal cache (C:\Users\RAJAT\.gradle\caches\journal-1)" [_thread_blocked, id=4596, stack(0x00000018c9700000,0x00000018c9800000)]
  0x000001ae62c1e000 JavaThread "File lock request listener" [_thread_in_native, id=7104, stack(0x00000018c9800000,0x00000018c9900000)]
  0x000001ae62c1b800 JavaThread "Cache worker for file hash cache (C:\Users\RAJAT\.gradle\caches\6.1.1\fileHashes)" [_thread_blocked, id=6912, stack(0x00000018c9900000,0x00000018c9a00000)]
  0x000001ae62c1e800 JavaThread "Cache worker for execution history cache (C:\Users\RAJAT\.gradle\caches\6.1.1\executionHistory)" [_thread_blocked, id=9616, stack(0x00000018c9e00000,0x00000018c9f00000)]
  0x000001ae62c22000 JavaThread "Memory manager" [_thread_blocked, id=10864, stack(0x00000018ca200000,0x00000018ca300000)]
  0x000001ae62c20800 JavaThread "Cache worker for file content cache (C:\Users\RAJAT\.gradle\caches\6.1.1\fileContent)" [_thread_blocked, id=8640, stack(0x00000018ca300000,0x00000018ca400000)]
  0x000001ae688bc800 JavaThread "Cache worker for Java compile cache (C:\Users\RAJAT\.gradle\caches\6.1.1\javaCompile)" [_thread_blocked, id=10680, stack(0x00000018c9000000,0x00000018c9100000)]
  0x000001ae688b8000 JavaThread "ForkJoinPool.commonPool-worker-1" daemon [_thread_in_native, id=4628, stack(0x00000018caa00000,0x00000018cab00000)]
  0x000001ae688b1000 JavaThread "Daemon Thread 4" [_thread_blocked, id=2568, stack(0x00000018c7600000,0x00000018c7700000)]
  0x000001ae688af000 JavaThread "Handler for socket connection from /127.0.0.1:51496 to /127.0.0.1:51681" [_thread_in_native, id=1696, stack(0x00000018c7700000,0x00000018c7800000)]
  0x000001ae688b1800 JavaThread "Cancel handler" [_thread_blocked, id=12408, stack(0x00000018c7800000,0x00000018c7900000)]
  0x000001ae688b2800 JavaThread "Daemon worker Thread 4" [_thread_blocked, id=3016, stack(0x00000018c8e00000,0x00000018c8f00000)]
  0x000001ae688b5800 JavaThread "Asynchronous log dispatcher for DefaultDaemonConnection: socket connection from /127.0.0.1:51496 to /127.0.0.1:51681" [_thread_blocked, id=4052, stack(0x00000018c8f00000,0x00000018c9000000)]
  0x000001ae688b0000 JavaThread "Stdin handler" [_thread_blocked, id=10972, stack(0x00000018c9300000,0x00000018c9400000)]
  0x000001ae688b7800 JavaThread "Thread-121" [_thread_blocked, id=7328, stack(0x00000018c9400000,0x00000018c9500000)]
  0x000001ae688b9000 JavaThread "Cache worker for checksums cache (C:\Users\RAJAT\IntelliJIDEAProjects\TheBlindAssist\.gradle\checksums)" [_thread_blocked, id=8896, stack(0x00000018c9500000,0x00000018c9600000)]
  0x000001ae688b6800 JavaThread "Cache worker for file hash cache (C:\Users\RAJAT\IntelliJIDEAProjects\TheBlindAssist\.gradle\6.1.1\fileHashes)" [_thread_blocked, id=1784, stack(0x00000018c9600000,0x00000018c9700000)]
  0x000001ae688ba000 JavaThread "Cache worker for cache directory md-supplier (C:\Users\RAJAT\.gradle\caches\6.1.1\md-supplier)" [_thread_blocked, id=1808, stack(0x00000018c9a00000,0x00000018c9b00000)]
  0x000001ae688be000 JavaThread "Cache worker for cache directory md-rule (C:\Users\RAJAT\.gradle\caches\6.1.1\md-rule)" [_thread_blocked, id=12820, stack(0x00000018c9b00000,0x00000018c9c00000)]
  0x000001ae688bb800 JavaThread "Build operations" [_thread_blocked, id=12800, stack(0x00000018c9c00000,0x00000018c9d00000)]
  0x000001ae688bd000 JavaThread "Build operations Thread 2" [_thread_blocked, id=13056, stack(0x00000018c9d00000,0x00000018c9e00000)]
  0x000001ae688ba800 JavaThread "Build operations Thread 3" [_thread_blocked, id=11204, stack(0x00000018c9f00000,0x00000018ca000000)]
  0x000001ae6b801000 JavaThread "Build operations Thread 4" [_thread_blocked, id=8328, stack(0x00000018ca000000,0x00000018ca100000)]
  0x000001ae6b804800 JavaThread "Cache worker for Build Output Cleanup Cache (C:\Users\RAJAT\IntelliJIDEAProjects\TheBlindAssist\.gradle\buildOutputCleanup)" [_thread_blocked, id=10260, stack(0x00000018ca400000,0x00000018ca500000)]
  0x000001ae6b805000 JavaThread "Cache worker for file content cache (C:\Users\RAJAT\IntelliJIDEAProjects\TheBlindAssist\.gradle\6.1.1\fileContent)" [_thread_blocked, id=1516, stack(0x00000018ca500000,0x00000018ca600000)]
  0x000001ae6b806000 JavaThread "Execution worker for ':'" [_thread_blocked, id=9756, stack(0x00000018ca600000,0x00000018ca700000)]
  0x000001ae6b800800 JavaThread "Execution worker for ':' Thread 2" [_thread_blocked, id=13360, stack(0x00000018ca700000,0x00000018ca800000)]
  0x000001ae6b807000 JavaThread "Execution worker for ':' Thread 3" [_thread_blocked, id=9716, stack(0x00000018ca800000,0x00000018ca900000)]
  0x000001ae6b803800 JavaThread "Cache worker for execution history cache (C:\Users\RAJAT\IntelliJIDEAProjects\TheBlindAssist\.gradle\6.1.1\executionHistory)" [_thread_blocked, id=8324, stack(0x00000018ca100000,0x00000018ca200000)]
  0x000001ae6b802000 JavaThread "WorkerExecutor Queue" [_thread_blocked, id=12360, stack(0x00000018cab00000,0x00000018cac00000)]
  0x000001ae6b80e000 JavaThread "WorkerExecutor Queue Thread 2" [_thread_blocked, id=8796, stack(0x00000018cac00000,0x00000018cad00000)]
  0x000001ae6b80b800 JavaThread "pool-11-thread-1" [_thread_blocked, id=9956, stack(0x00000018cad00000,0x00000018cae00000)]
  0x000001ae6b80b000 JavaThread "stderr" [_thread_in_native, id=11628, stack(0x00000018cae00000,0x00000018caf00000)]
  0x000001ae6b809800 JavaThread "stdout" [_thread_in_native, id=9508, stack(0x00000018caf00000,0x00000018cb000000)]
  0x000001ae6b80a000 JavaThread "WorkerExecutor Queue Thread 3" [_thread_blocked, id=12536, stack(0x00000018cb000000,0x00000018cb100000)]
  0x000001ae6b80d800 JavaThread "WorkerExecutor Queue Thread 5" [_thread_blocked, id=10760, stack(0x00000018cb100000,0x00000018cb200000)]
=>0x000001ae66649000 JavaThread "ForkJoinPool.commonPool-worker-5" daemon [_thread_in_vm, id=5016, stack(0x00000018ca900000,0x00000018caa00000)]
  0x000001ae6664d000 JavaThread "ForkJoinPool.commonPool-worker-7" daemon [_thread_in_native, id=14024, stack(0x00000018cb200000,0x00000018cb300000)]

Other Threads:
  0x000001ae61507800 VMThread "VM Thread" [stack: 0x00000018c7f00000,0x00000018c8000000] [id=300]
  0x000001ae62004000 WatcherThread [stack: 0x00000018c8900000,0x00000018c8a00000] [id=12088]
  0x000001ae45956000 GCTaskThread "GC Thread#0" [stack: 0x00000018c7a00000,0x00000018c7b00000] [id=10352]
  0x000001ae62663800 GCTaskThread "GC Thread#1" [stack: 0x00000018c8a00000,0x00000018c8b00000] [id=10948]
  0x000001ae6344e800 GCTaskThread "GC Thread#2" [stack: 0x00000018c9100000,0x00000018c9200000] [id=1536]
  0x000001ae62ab6800 GCTaskThread "GC Thread#3" [stack: 0x00000018c9200000,0x00000018c9300000] [id=5252]
  0x000001ae45987800 ConcurrentGCThread "G1 Main Marker" [stack: 0x00000018c7b00000,0x00000018c7c00000] [id=7008]
  0x000001ae45989000 ConcurrentGCThread "G1 Conc#0" [stack: 0x00000018c7c00000,0x00000018c7d00000] [id=9832]
  0x000001ae459e4000 ConcurrentGCThread "G1 Refine#0" [stack: 0x00000018c7d00000,0x00000018c7e00000] [id=1844]
  0x000001ae459e5000 ConcurrentGCThread "G1 Young RemSet Sampling" [stack: 0x00000018c7e00000,0x00000018c7f00000] [id=8428]

Threads with active compile tasks:

VM state:not at safepoint (normal execution)

VM Mutex/Monitor currently owned by a thread:  ([mutex/lock_event])
[0x000001ae4590bcd0] Heap_lock - owner thread: 0x000001ae66649000

Heap address: 0x0000000080000000, size: 2048 MB, Compressed Oops mode: 32-bit
Narrow klass base: 0x0000000000000000, Narrow klass shift: 3
Compressed class space size: 1073741824 Address: 0x0000000100000000

Heap:
 garbage-first heap   total 277504K, used 238706K [0x0000000080000000, 0x0000000100000000)
  region size 1024K, 7 young (7168K), 1 survivors (1024K)
 Metaspace       used 116419K, capacity 119536K, committed 120496K, reserved 1155072K
  class space    used 14361K, capacity 15433K, committed 15872K, reserved 1048576K
Heap Regions: E=young(eden), S=young(survivor), O=old, HS=humongous(starts), HC=humongous(continues), CS=collection set, F=free, A=archive, TAMS=top-at-mark-start (previous, next)
|   0|0x0000000080000000, 0x0000000080100000, 0x0000000080100000|100%| O|  |TAMS 0x0000000080100000, 0x0000000080000000| Complete 
|   1|0x0000000080100000, 0x0000000080200000, 0x0000000080200000|100%| O|  |TAMS 0x0000000080200000, 0x0000000080100000| Untracked 
|   2|0x0000000080200000, 0x0000000080300000, 0x0000000080300000|100%| O|  |TAMS 0x0000000080300000, 0x0000000080200000| Complete 
|   3|0x0000000080300000, 0x0000000080400000, 0x0000000080400000|100%|HS|  |TAMS 0x0000000080400000, 0x0000000080300000| Complete 
|   4|0x0000000080400000, 0x0000000080500000, 0x0000000080500000|100%|HC|  |TAMS 0x0000000080500000, 0x0000000080400000| Complete 
|   5|0x0000000080500000, 0x0000000080600000, 0x0000000080600000|100%|HC|  |TAMS 0x0000000080600000, 0x0000000080500000| Complete 
|   6|0x0000000080600000, 0x0000000080700000, 0x0000000080700000|100%| O|  |TAMS 0x0000000080700000, 0x0000000080600000| Complete 
|   7|0x0000000080700000, 0x0000000080800000, 0x0000000080800000|100%| O|  |TAMS 0x0000000080800000, 0x0000000080700000| Untracked 
|   8|0x0000000080800000, 0x0000000080900000, 0x0000000080900000|100%| O|  |TAMS 0x0000000080900000, 0x0000000080800000| Untracked 
|   9|0x0000000080900000, 0x0000000080a00000, 0x0000000080a00000|100%| O|  |TAMS 0x0000000080a00000, 0x0000000080900000| Untracked 
|  10|0x0000000080a00000, 0x0000000080b00000, 0x0000000080b00000|100%| O|  |TAMS 0x0000000080b00000, 0x0000000080a00000| Untracked 
|  11|0x0000000080b00000, 0x0000000080c00000, 0x0000000080c00000|100%| O|  |TAMS 0x0000000080c00000, 0x0000000080b00000| Untracked 
|  12|0x0000000080c00000, 0x0000000080d00000, 0x0000000080d00000|100%| O|  |TAMS 0x0000000080d00000, 0x0000000080c00000| Untracked 
|  13|0x0000000080d00000, 0x0000000080e00000, 0x0000000080e00000|100%| O|  |TAMS 0x0000000080e00000, 0x0000000080d00000| Complete 
|  14|0x0000000080e00000, 0x0000000080f00000, 0x0000000080f00000|100%| O|  |TAMS 0x0000000080f00000, 0x0000000080e00000| Complete 
|  15|0x0000000080f00000, 0x0000000081000000, 0x0000000081000000|100%|HS|  |TAMS 0x0000000081000000, 0x0000000080f00000| Complete 
|  16|0x0000000081000000, 0x0000000081100000, 0x0000000081100000|100%|HC|  |TAMS 0x0000000081100000, 0x0000000081000000| Complete 
|  17|0x0000000081100000, 0x0000000081200000, 0x0000000081200000|100%|HS|  |TAMS 0x0000000081200000, 0x0000000081100000| Complete 
|  18|0x0000000081200000, 0x0000000081300000, 0x0000000081300000|100%|HC|  |TAMS 0x0000000081300000, 0x0000000081200000| Complete 
|  19|0x0000000081300000, 0x0000000081400000, 0x0000000081400000|100%|HC|  |TAMS 0x0000000081400000, 0x0000000081300000| Complete 
|  20|0x0000000081400000, 0x0000000081500000, 0x0000000081500000|100%|HS|  |TAMS 0x0000000081500000, 0x0000000081400000| Complete 
|  21|0x0000000081500000, 0x0000000081600000, 0x0000000081600000|100%|HC|  |TAMS 0x0000000081600000, 0x0000000081500000| Complete 
|  22|0x0000000081600000, 0x0000000081700000, 0x0000000081700000|100%|HC|  |TAMS 0x0000000081700000, 0x0000000081600000| Complete 
|  23|0x0000000081700000, 0x0000000081800000, 0x0000000081800000|100%|HC|  |TAMS 0x0000000081800000, 0x0000000081700000| Complete 
|  24|0x0000000081800000, 0x0000000081900000, 0x0000000081900000|100%| O|  |TAMS 0x0000000081900000, 0x0000000081800000| Complete 
|  25|0x0000000081900000, 0x0000000081a00000, 0x0000000081a00000|100%| O|  |TAMS 0x0000000081a00000, 0x0000000081900000| Untracked 
|  26|0x0000000081a00000, 0x0000000081b00000, 0x0000000081b00000|100%| O|  |TAMS 0x0000000081b00000, 0x0000000081a00000| Complete 
|  27|0x0000000081b00000, 0x0000000081c00000, 0x0000000081c00000|100%| O|  |TAMS 0x0000000081c00000, 0x0000000081b00000| Untracked 
|  28|0x0000000081c00000, 0x0000000081d00000, 0x0000000081d00000|100%| O|  |TAMS 0x0000000081d00000, 0x0000000081c00000| Complete 
|  29|0x0000000081d00000, 0x0000000081e00000, 0x0000000081e00000|100%| O|  |TAMS 0x0000000081e00000, 0x0000000081d00000| Complete 
|  30|0x0000000081e00000, 0x0000000081f00000, 0x0000000081f00000|100%| O|  |TAMS 0x0000000081f00000, 0x0000000081e00000| Complete 
|  31|0x0000000081f00000, 0x0000000082000000, 0x0000000082000000|100%| O|  |TAMS 0x0000000082000000, 0x0000000081f00000| Complete 
|  32|0x0000000082000000, 0x0000000082100000, 0x0000000082100000|100%| O|  |TAMS 0x0000000082100000, 0x0000000082000000| Untracked 
|  33|0x0000000082100000, 0x0000000082200000, 0x0000000082200000|100%| O|  |TAMS 0x0000000082200000, 0x0000000082100000| Complete 
|  34|0x0000000082200000, 0x0000000082300000, 0x0000000082300000|100%| O|  |TAMS 0x0000000082300000, 0x0000000082200000| Untracked 
|  35|0x0000000082300000, 0x0000000082400000, 0x0000000082400000|100%| O|  |TAMS 0x0000000082400000, 0x0000000082300000| Complete 
|  36|0x0000000082400000, 0x0000000082500000, 0x0000000082500000|100%| O|  |TAMS 0x0000000082500000, 0x0000000082400000| Complete 
|  37|0x0000000082500000, 0x0000000082600000, 0x0000000082600000|100%|HS|  |TAMS 0x0000000082600000, 0x0000000082500000| Complete 
|  38|0x0000000082600000, 0x0000000082700000, 0x0000000082700000|100%| O|  |TAMS 0x0000000082700000, 0x0000000082600000| Complete 
|  39|0x0000000082700000, 0x0000000082800000, 0x0000000082800000|100%| O|  |TAMS 0x0000000082800000, 0x0000000082700000| Untracked 
|  40|0x0000000082800000, 0x0000000082900000, 0x0000000082900000|100%| O|  |TAMS 0x0000000082900000, 0x0000000082800000| Complete 
|  41|0x0000000082900000, 0x0000000082a00000, 0x0000000082a00000|100%| O|  |TAMS 0x0000000082a00000, 0x0000000082900000| Untracked 
|  42|0x0000000082a00000, 0x0000000082b00000, 0x0000000082b00000|100%| O|  |TAMS 0x0000000082b00000, 0x0000000082a00000| Complete 
|  43|0x0000000082b00000, 0x0000000082c00000, 0x0000000082c00000|100%|HS|  |TAMS 0x0000000082c00000, 0x0000000082b00000| Complete 
|  44|0x0000000082c00000, 0x0000000082d00000, 0x0000000082d00000|100%|HC|  |TAMS 0x0000000082d00000, 0x0000000082c00000| Complete 
|  45|0x0000000082d00000, 0x0000000082e00000, 0x0000000082e00000|100%|HC|  |TAMS 0x0000000082e00000, 0x0000000082d00000| Complete 
|  46|0x0000000082e00000, 0x0000000082f00000, 0x0000000082f00000|100%|HS|  |TAMS 0x0000000082f00000, 0x0000000082e00000| Complete 
|  47|0x0000000082f00000, 0x0000000083000000, 0x0000000083000000|100%|HC|  |TAMS 0x0000000083000000, 0x0000000082f00000| Complete 
|  48|0x0000000083000000, 0x0000000083100000, 0x0000000083100000|100%| O|  |TAMS 0x0000000083100000, 0x0000000083000000| Untracked 
|  49|0x0000000083100000, 0x0000000083200000, 0x0000000083200000|100%| O|  |TAMS 0x0000000083200000, 0x0000000083100000| Untracked 
|  50|0x0000000083200000, 0x0000000083300000, 0x0000000083300000|100%| O|  |TAMS 0x0000000083300000, 0x0000000083200000| Untracked 
|  51|0x0000000083300000, 0x0000000083400000, 0x0000000083400000|100%| O|  |TAMS 0x0000000083400000, 0x0000000083300000| Untracked 
|  52|0x0000000083400000, 0x0000000083500000, 0x0000000083500000|100%| O|  |TAMS 0x0000000083500000, 0x0000000083400000| Untracked 
|  53|0x0000000083500000, 0x0000000083600000, 0x0000000083600000|100%| O|  |TAMS 0x0000000083600000, 0x0000000083500000| Untracked 
|  54|0x0000000083600000, 0x0000000083700000, 0x0000000083700000|100%| O|  |TAMS 0x0000000083700000, 0x0000000083600000| Complete 
|  55|0x0000000083700000, 0x0000000083800000, 0x0000000083800000|100%| O|  |TAMS 0x0000000083800000, 0x0000000083700000| Complete 
|  56|0x0000000083800000, 0x0000000083900000, 0x0000000083900000|100%| O|  |TAMS 0x0000000083900000, 0x0000000083800000| Untracked 
|  57|0x0000000083900000, 0x0000000083a00000, 0x0000000083a00000|100%| O|  |TAMS 0x0000000083a00000, 0x0000000083900000| Complete 
|  58|0x0000000083a00000, 0x0000000083b00000, 0x0000000083b00000|100%| O|  |TAMS 0x0000000083b00000, 0x0000000083a00000| Complete 
|  59|0x0000000083b00000, 0x0000000083c00000, 0x0000000083c00000|100%| O|  |TAMS 0x0000000083c00000, 0x0000000083b00000| Complete 
|  60|0x0000000083c00000, 0x0000000083d00000, 0x0000000083d00000|100%| O|  |TAMS 0x0000000083d00000, 0x0000000083c00000| Untracked 
|  61|0x0000000083d00000, 0x0000000083e00000, 0x0000000083e00000|100%| O|  |TAMS 0x0000000083e00000, 0x0000000083d00000| Untracked 
|  62|0x0000000083e00000, 0x0000000083f00000, 0x0000000083f00000|100%|HS|  |TAMS 0x0000000083f00000, 0x0000000083e00000| Complete 
|  63|0x0000000083f00000, 0x0000000084000000, 0x0000000084000000|100%| O|  |TAMS 0x0000000084000000, 0x0000000083f00000| Untracked 
|  64|0x0000000084000000, 0x0000000084100000, 0x0000000084100000|100%| O|  |TAMS 0x0000000084100000, 0x0000000084000000| Untracked 
|  65|0x0000000084100000, 0x0000000084200000, 0x0000000084200000|100%| O|  |TAMS 0x0000000084200000, 0x0000000084100000| Complete 
|  66|0x0000000084200000, 0x0000000084300000, 0x0000000084300000|100%| O|  |TAMS 0x0000000084300000, 0x0000000084200000| Untracked 
|  67|0x0000000084300000, 0x0000000084400000, 0x0000000084400000|100%| O|  |TAMS 0x0000000084400000, 0x0000000084300000| Untracked 
|  68|0x0000000084400000, 0x0000000084500000, 0x0000000084500000|100%| O|  |TAMS 0x0000000084500000, 0x0000000084400000| Untracked 
|  69|0x0000000084500000, 0x0000000084600000, 0x0000000084600000|100%| O|  |TAMS 0x0000000084600000, 0x0000000084500000| Untracked 
|  70|0x0000000084600000, 0x0000000084700000, 0x0000000084700000|100%| O|  |TAMS 0x0000000084700000, 0x0000000084600000| Untracked 
|  71|0x0000000084700000, 0x0000000084800000, 0x0000000084800000|100%| O|  |TAMS 0x0000000084800000, 0x0000000084700000| Complete 
|  72|0x0000000084800000, 0x0000000084900000, 0x0000000084900000|100%| O|  |TAMS 0x0000000084900000, 0x0000000084800000| Complete 
|  73|0x0000000084900000, 0x0000000084a00000, 0x0000000084a00000|100%| O|  |TAMS 0x0000000084a00000, 0x0000000084900000| Untracked 
|  74|0x0000000084a00000, 0x0000000084b00000, 0x0000000084b00000|100%| O|  |TAMS 0x0000000084b00000, 0x0000000084a00000| Untracked 
|  75|0x0000000084b00000, 0x0000000084c00000, 0x0000000084c00000|100%| O|  |TAMS 0x0000000084c00000, 0x0000000084b00000| Untracked 
|  76|0x0000000084c00000, 0x0000000084d00000, 0x0000000084d00000|100%| O|  |TAMS 0x0000000084d00000, 0x0000000084c00000| Untracked 
|  77|0x0000000084d00000, 0x0000000084e00000, 0x0000000084e00000|100%| O|  |TAMS 0x0000000084e00000, 0x0000000084d00000| Untracked 
|  78|0x0000000084e00000, 0x0000000084f00000, 0x0000000084f00000|100%| O|  |TAMS 0x0000000084f00000, 0x0000000084e00000| Complete 
|  79|0x0000000084f00000, 0x0000000085000000, 0x0000000085000000|100%| O|  |TAMS 0x0000000085000000, 0x0000000084f00000| Untracked 
|  80|0x0000000085000000, 0x0000000085100000, 0x0000000085100000|100%| O|  |TAMS 0x0000000085100000, 0x0000000085000000| Untracked 
|  81|0x0000000085100000, 0x0000000085200000, 0x0000000085200000|100%|HS|  |TAMS 0x0000000085200000, 0x0000000085100000| Complete 
|  82|0x0000000085200000, 0x0000000085300000, 0x0000000085300000|100%| O|  |TAMS 0x0000000085300000, 0x0000000085200000| Untracked 
|  83|0x0000000085300000, 0x0000000085400000, 0x0000000085400000|100%| O|  |TAMS 0x0000000085400000, 0x0000000085300000| Untracked 
|  84|0x0000000085400000, 0x0000000085500000, 0x0000000085500000|100%| O|  |TAMS 0x0000000085500000, 0x0000000085400000| Untracked 
|  85|0x0000000085500000, 0x0000000085600000, 0x0000000085600000|100%| O|  |TAMS 0x0000000085600000, 0x0000000085500000| Untracked 
|  86|0x0000000085600000, 0x0000000085700000, 0x0000000085700000|100%| O|  |TAMS 0x0000000085700000, 0x0000000085600000| Complete 
|  87|0x0000000085700000, 0x0000000085800000, 0x0000000085800000|100%| O|  |TAMS 0x0000000085800000, 0x0000000085700000| Complete 
|  88|0x0000000085800000, 0x0000000085900000, 0x0000000085900000|100%|HS|  |TAMS 0x0000000085900000, 0x0000000085800000| Complete 
|  89|0x0000000085900000, 0x0000000085a00000, 0x0000000085a00000|100%| O|  |TAMS 0x0000000085a00000, 0x0000000085900000| Untracked 
|  90|0x0000000085a00000, 0x0000000085b00000, 0x0000000085b00000|100%|HS|  |TAMS 0x0000000085a00000, 0x0000000085a00000| Complete 
|  91|0x0000000085b00000, 0x0000000085c00000, 0x0000000085c00000|100%| O|  |TAMS 0x0000000085c00000, 0x0000000085b00000| Untracked 
|  92|0x0000000085c00000, 0x0000000085d00000, 0x0000000085d00000|100%| O|  |TAMS 0x0000000085d00000, 0x0000000085c00000| Complete 
|  93|0x0000000085d00000, 0x0000000085e00000, 0x0000000085e00000|100%| O|  |TAMS 0x0000000085e00000, 0x0000000085d00000| Complete 
|  94|0x0000000085e00000, 0x0000000085f00000, 0x0000000085f00000|100%| O|  |TAMS 0x0000000085f00000, 0x0000000085e00000| Complete 
|  95|0x0000000085f00000, 0x0000000086000000, 0x0000000086000000|100%| O|  |TAMS 0x0000000086000000, 0x0000000085f00000| Complete 
|  96|0x0000000086000000, 0x0000000086100000, 0x0000000086100000|100%| O|  |TAMS 0x0000000086100000, 0x0000000086000000| Complete 
|  97|0x0000000086100000, 0x0000000086200000, 0x0000000086200000|100%| O|  |TAMS 0x0000000086200000, 0x0000000086100000| Untracked 
|  98|0x0000000086200000, 0x0000000086300000, 0x0000000086300000|100%| O|  |TAMS 0x0000000086300000, 0x0000000086200000| Untracked 
|  99|0x0000000086300000, 0x0000000086400000, 0x0000000086400000|100%| O|  |TAMS 0x0000000086400000, 0x0000000086300000| Complete 
| 100|0x0000000086400000, 0x0000000086500000, 0x0000000086500000|100%| O|  |TAMS 0x0000000086500000, 0x0000000086400000| Complete 
| 101|0x0000000086500000, 0x0000000086600000, 0x0000000086600000|100%| O|  |TAMS 0x0000000086600000, 0x0000000086500000| Untracked 
| 102|0x0000000086600000, 0x0000000086700000, 0x0000000086700000|100%| O|  |TAMS 0x0000000086700000, 0x0000000086600000| Complete 
| 103|0x0000000086700000, 0x0000000086800000, 0x0000000086800000|100%|HS|  |TAMS 0x0000000086700000, 0x0000000086700000| Complete 
| 104|0x0000000086800000, 0x0000000086900000, 0x0000000086900000|100%| O|  |TAMS 0x0000000086900000, 0x0000000086800000| Complete 
| 105|0x0000000086900000, 0x0000000086a00000, 0x0000000086a00000|100%| O|  |TAMS 0x0000000086a00000, 0x0000000086900000| Complete 
| 106|0x0000000086a00000, 0x0000000086b00000, 0x0000000086b00000|100%| O|  |TAMS 0x0000000086b00000, 0x0000000086a00000| Untracked 
| 107|0x0000000086b00000, 0x0000000086c00000, 0x0000000086c00000|100%|HS|  |TAMS 0x0000000086b00000, 0x0000000086b00000| Complete 
| 108|0x0000000086c00000, 0x0000000086d00000, 0x0000000086d00000|100%|HS|  |TAMS 0x0000000086c00000, 0x0000000086c00000| Complete 
| 109|0x0000000086d00000, 0x0000000086e00000, 0x0000000086e00000|100%| O|  |TAMS 0x0000000086e00000, 0x0000000086d00000| Complete 
| 110|0x0000000086e00000, 0x0000000086f00000, 0x0000000086f00000|100%| O|  |TAMS 0x0000000086f00000, 0x0000000086e00000| Untracked 
| 111|0x0000000086f00000, 0x0000000087000000, 0x0000000087000000|100%| O|  |TAMS 0x0000000087000000, 0x0000000086f00000| Untracked 
| 112|0x0000000087000000, 0x0000000087100000, 0x0000000087100000|100%| O|  |TAMS 0x0000000087100000, 0x0000000087000000| Complete 
| 113|0x0000000087100000, 0x0000000087200000, 0x0000000087200000|100%| O|  |TAMS 0x0000000087200000, 0x0000000087100000| Complete 
| 114|0x0000000087200000, 0x0000000087300000, 0x0000000087300000|100%| O|  |TAMS 0x0000000087300000, 0x0000000087200000| Untracked 
| 115|0x0000000087300000, 0x0000000087400000, 0x0000000087400000|100%|HS|  |TAMS 0x0000000087300000, 0x0000000087300000| Complete 
| 116|0x0000000087400000, 0x0000000087400000, 0x0000000087500000|  0%| F|  |TAMS 0x0000000087400000, 0x0000000087400000| Untracked 
| 117|0x0000000087500000, 0x0000000087600000, 0x0000000087600000|100%| O|  |TAMS 0x0000000087600000, 0x0000000087500000| Untracked 
| 118|0x0000000087600000, 0x0000000087700000, 0x0000000087700000|100%| O|  |TAMS 0x0000000087700000, 0x0000000087600000| Untracked 
| 119|0x0000000087700000, 0x0000000087800000, 0x0000000087800000|100%| O|  |TAMS 0x0000000087800000, 0x0000000087700000| Complete 
| 120|0x0000000087800000, 0x0000000087800000, 0x0000000087900000|  0%| F|  |TAMS 0x0000000087800000, 0x0000000087800000| Untracked 
| 121|0x0000000087900000, 0x0000000087a00000, 0x0000000087a00000|100%|HS|  |TAMS 0x0000000087a00000, 0x0000000087900000| Complete 
| 122|0x0000000087a00000, 0x0000000087b00000, 0x0000000087b00000|100%| O|  |TAMS 0x0000000087b00000, 0x0000000087a00000| Untracked 
| 123|0x0000000087b00000, 0x0000000087c00000, 0x0000000087c00000|100%| O|  |TAMS 0x0000000087c00000, 0x0000000087b00000| Untracked 
| 124|0x0000000087c00000, 0x0000000087d00000, 0x0000000087d00000|100%| O|  |TAMS 0x0000000087d00000, 0x0000000087c00000| Untracked 
| 125|0x0000000087d00000, 0x0000000087e00000, 0x0000000087e00000|100%| O|  |TAMS 0x0000000087e00000, 0x0000000087d00000| Complete 
| 126|0x0000000087e00000, 0x0000000087f00000, 0x0000000087f00000|100%| O|  |TAMS 0x0000000087f00000, 0x0000000087e00000| Untracked 
| 127|0x0000000087f00000, 0x0000000087fc7e00, 0x0000000088000000| 78%| O|  |TAMS 0x0000000087fb0200, 0x0000000087f00000| Untracked 
| 128|0x0000000088000000, 0x0000000088100000, 0x0000000088100000|100%|HS|  |TAMS 0x0000000088000000, 0x0000000088000000| Complete 
| 129|0x0000000088100000, 0x0000000088200000, 0x0000000088200000|100%|HC|  |TAMS 0x0000000088100000, 0x0000000088100000| Complete 
| 130|0x0000000088200000, 0x0000000088300000, 0x0000000088300000|100%|HC|  |TAMS 0x0000000088200000, 0x0000000088200000| Complete 
| 131|0x0000000088300000, 0x0000000088400000, 0x0000000088400000|100%|HC|  |TAMS 0x0000000088300000, 0x0000000088300000| Complete 
| 132|0x0000000088400000, 0x0000000088500000, 0x0000000088500000|100%|HS|  |TAMS 0x0000000088400000, 0x0000000088400000| Complete 
| 133|0x0000000088500000, 0x0000000088600000, 0x0000000088600000|100%|HC|  |TAMS 0x0000000088500000, 0x0000000088500000| Complete 
| 134|0x0000000088600000, 0x0000000088700000, 0x0000000088700000|100%|HC|  |TAMS 0x0000000088600000, 0x0000000088600000| Complete 
| 135|0x0000000088700000, 0x0000000088800000, 0x0000000088800000|100%|HC|  |TAMS 0x0000000088700000, 0x0000000088700000| Complete 
| 136|0x0000000088800000, 0x0000000088900000, 0x0000000088900000|100%|HS|  |TAMS 0x0000000088800000, 0x0000000088800000| Complete 
| 137|0x0000000088900000, 0x0000000088a00000, 0x0000000088a00000|100%|HC|  |TAMS 0x0000000088900000, 0x0000000088900000| Complete 
| 138|0x0000000088a00000, 0x0000000088b00000, 0x0000000088b00000|100%|HC|  |TAMS 0x0000000088a00000, 0x0000000088a00000| Complete 
| 139|0x0000000088b00000, 0x0000000088c00000, 0x0000000088c00000|100%|HC|  |TAMS 0x0000000088b00000, 0x0000000088b00000| Complete 
| 140|0x0000000088c00000, 0x0000000088d00000, 0x0000000088d00000|100%|HC|  |TAMS 0x0000000088c00000, 0x0000000088c00000| Complete 
| 141|0x0000000088d00000, 0x0000000088e00000, 0x0000000088e00000|100%|HC|  |TAMS 0x0000000088d00000, 0x0000000088d00000| Complete 
| 142|0x0000000088e00000, 0x0000000088f00000, 0x0000000088f00000|100%|HC|  |TAMS 0x0000000088e00000, 0x0000000088e00000| Complete 
| 143|0x0000000088f00000, 0x0000000089000000, 0x0000000089000000|100%|HC|  |TAMS 0x0000000088f00000, 0x0000000088f00000| Complete 
| 144|0x0000000089000000, 0x0000000089100000, 0x0000000089100000|100%|HC|  |TAMS 0x0000000089000000, 0x0000000089000000| Complete 
| 145|0x0000000089100000, 0x0000000089200000, 0x0000000089200000|100%|HC|  |TAMS 0x0000000089100000, 0x0000000089100000| Complete 
| 146|0x0000000089200000, 0x0000000089300000, 0x0000000089300000|100%|HC|  |TAMS 0x0000000089200000, 0x0000000089200000| Complete 
| 147|0x0000000089300000, 0x0000000089400000, 0x0000000089400000|100%|HC|  |TAMS 0x0000000089300000, 0x0000000089300000| Complete 
| 148|0x0000000089400000, 0x0000000089500000, 0x0000000089500000|100%|HC|  |TAMS 0x0000000089400000, 0x0000000089400000| Complete 
| 149|0x0000000089500000, 0x0000000089600000, 0x0000000089600000|100%|HC|  |TAMS 0x0000000089500000, 0x0000000089500000| Complete 
| 150|0x0000000089600000, 0x0000000089700000, 0x0000000089700000|100%|HC|  |TAMS 0x0000000089600000, 0x0000000089600000| Complete 
| 151|0x0000000089700000, 0x0000000089800000, 0x0000000089800000|100%|HC|  |TAMS 0x0000000089700000, 0x0000000089700000| Complete 
| 152|0x0000000089800000, 0x0000000089900000, 0x0000000089900000|100%|HS|  |TAMS 0x0000000089800000, 0x0000000089800000| Complete 
| 153|0x0000000089900000, 0x0000000089a00000, 0x0000000089a00000|100%|HC|  |TAMS 0x0000000089900000, 0x0000000089900000| Complete 
| 154|0x0000000089a00000, 0x0000000089b00000, 0x0000000089b00000|100%|HC|  |TAMS 0x0000000089a00000, 0x0000000089a00000| Complete 
| 155|0x0000000089b00000, 0x0000000089c00000, 0x0000000089c00000|100%|HC|  |TAMS 0x0000000089b00000, 0x0000000089b00000| Complete 
| 156|0x0000000089c00000, 0x0000000089d00000, 0x0000000089d00000|100%|HC|  |TAMS 0x0000000089c00000, 0x0000000089c00000| Complete 
| 157|0x0000000089d00000, 0x0000000089e00000, 0x0000000089e00000|100%|HC|  |TAMS 0x0000000089d00000, 0x0000000089d00000| Complete 
| 158|0x0000000089e00000, 0x0000000089f00000, 0x0000000089f00000|100%|HC|  |TAMS 0x0000000089e00000, 0x0000000089e00000| Complete 
| 159|0x0000000089f00000, 0x000000008a000000, 0x000000008a000000|100%|HC|  |TAMS 0x0000000089f00000, 0x0000000089f00000| Complete 
| 160|0x000000008a000000, 0x000000008a100000, 0x000000008a100000|100%|HC|  |TAMS 0x000000008a000000, 0x000000008a000000| Complete 
| 161|0x000000008a100000, 0x000000008a200000, 0x000000008a200000|100%|HC|  |TAMS 0x000000008a100000, 0x000000008a100000| Complete 
| 162|0x000000008a200000, 0x000000008a300000, 0x000000008a300000|100%|HC|  |TAMS 0x000000008a200000, 0x000000008a200000| Complete 
| 163|0x000000008a300000, 0x000000008a400000, 0x000000008a400000|100%|HC|  |TAMS 0x000000008a300000, 0x000000008a300000| Complete 
| 164|0x000000008a400000, 0x000000008a500000, 0x000000008a500000|100%|HC|  |TAMS 0x000000008a400000, 0x000000008a400000| Complete 
| 165|0x000000008a500000, 0x000000008a600000, 0x000000008a600000|100%|HC|  |TAMS 0x000000008a500000, 0x000000008a500000| Complete 
| 166|0x000000008a600000, 0x000000008a700000, 0x000000008a700000|100%|HC|  |TAMS 0x000000008a600000, 0x000000008a600000| Complete 
| 167|0x000000008a700000, 0x000000008a800000, 0x000000008a800000|100%|HC|  |TAMS 0x000000008a700000, 0x000000008a700000| Complete 
| 168|0x000000008a800000, 0x000000008a800000, 0x000000008a900000|  0%| F|  |TAMS 0x000000008a800000, 0x000000008a800000| Untracked 
| 169|0x000000008a900000, 0x000000008a900000, 0x000000008aa00000|  0%| F|  |TAMS 0x000000008a900000, 0x000000008a900000| Untracked 
| 170|0x000000008aa00000, 0x000000008aa00000, 0x000000008ab00000|  0%| F|  |TAMS 0x000000008aa00000, 0x000000008aa00000| Untracked 
| 171|0x000000008ab00000, 0x000000008ab00000, 0x000000008ac00000|  0%| F|  |TAMS 0x000000008ab00000, 0x000000008ab00000| Untracked 
| 172|0x000000008ac00000, 0x000000008ac00000, 0x000000008ad00000|  0%| F|  |TAMS 0x000000008ac00000, 0x000000008ac00000| Untracked 
| 173|0x000000008ad00000, 0x000000008ad00000, 0x000000008ae00000|  0%| F|  |TAMS 0x000000008ad00000, 0x000000008ad00000| Untracked 
| 174|0x000000008ae00000, 0x000000008ae00000, 0x000000008af00000|  0%| F|  |TAMS 0x000000008ae00000, 0x000000008ae00000| Untracked 
| 175|0x000000008af00000, 0x000000008af00000, 0x000000008b000000|  0%| F|  |TAMS 0x000000008af00000, 0x000000008af00000| Untracked 
| 176|0x000000008b000000, 0x000000008b000000, 0x000000008b100000|  0%| F|  |TAMS 0x000000008b000000, 0x000000008b000000| Untracked 
| 177|0x000000008b100000, 0x000000008b154a18, 0x000000008b200000| 33%| S|CS|TAMS 0x000000008b100000, 0x000000008b100000| Complete 
| 178|0x000000008b200000, 0x000000008b300000, 0x000000008b300000|100%|HS|  |TAMS 0x000000008b200000, 0x000000008b200000| Complete 
| 179|0x000000008b300000, 0x000000008b400000, 0x000000008b400000|100%|HC|  |TAMS 0x000000008b300000, 0x000000008b300000| Complete 
| 180|0x000000008b400000, 0x000000008b500000, 0x000000008b500000|100%|HC|  |TAMS 0x000000008b400000, 0x000000008b400000| Complete 
| 181|0x000000008b500000, 0x000000008b600000, 0x000000008b600000|100%|HC|  |TAMS 0x000000008b500000, 0x000000008b500000| Complete 
| 182|0x000000008b600000, 0x000000008b700000, 0x000000008b700000|100%|HC|  |TAMS 0x000000008b600000, 0x000000008b600000| Complete 
| 183|0x000000008b700000, 0x000000008b800000, 0x000000008b800000|100%|HC|  |TAMS 0x000000008b700000, 0x000000008b700000| Complete 
| 184|0x000000008b800000, 0x000000008b900000, 0x000000008b900000|100%|HC|  |TAMS 0x000000008b800000, 0x000000008b800000| Complete 
| 185|0x000000008b900000, 0x000000008ba00000, 0x000000008ba00000|100%|HC|  |TAMS 0x000000008b900000, 0x000000008b900000| Complete 
| 186|0x000000008ba00000, 0x000000008bb00000, 0x000000008bb00000|100%|HC|  |TAMS 0x000000008ba00000, 0x000000008ba00000| Complete 
| 187|0x000000008bb00000, 0x000000008bc00000, 0x000000008bc00000|100%|HC|  |TAMS 0x000000008bb00000, 0x000000008bb00000| Complete 
| 188|0x000000008bc00000, 0x000000008bd00000, 0x000000008bd00000|100%|HC|  |TAMS 0x000000008bc00000, 0x000000008bc00000| Complete 
| 189|0x000000008bd00000, 0x000000008be00000, 0x000000008be00000|100%|HC|  |TAMS 0x000000008bd00000, 0x000000008bd00000| Complete 
| 190|0x000000008be00000, 0x000000008bf00000, 0x000000008bf00000|100%|HC|  |TAMS 0x000000008be00000, 0x000000008be00000| Complete 
| 191|0x000000008bf00000, 0x000000008c000000, 0x000000008c000000|100%|HC|  |TAMS 0x000000008bf00000, 0x000000008bf00000| Complete 
| 192|0x000000008c000000, 0x000000008c100000, 0x000000008c100000|100%|HC|  |TAMS 0x000000008c000000, 0x000000008c000000| Complete 
| 193|0x000000008c100000, 0x000000008c200000, 0x000000008c200000|100%|HC|  |TAMS 0x000000008c100000, 0x000000008c100000| Complete 
| 194|0x000000008c200000, 0x000000008c300000, 0x000000008c300000|100%|HC|  |TAMS 0x000000008c200000, 0x000000008c200000| Complete 
| 195|0x000000008c300000, 0x000000008c400000, 0x000000008c400000|100%|HC|  |TAMS 0x000000008c300000, 0x000000008c300000| Complete 
| 196|0x000000008c400000, 0x000000008c500000, 0x000000008c500000|100%|HC|  |TAMS 0x000000008c400000, 0x000000008c400000| Complete 
| 197|0x000000008c500000, 0x000000008c600000, 0x000000008c600000|100%|HC|  |TAMS 0x000000008c500000, 0x000000008c500000| Complete 
| 198|0x000000008c600000, 0x000000008c700000, 0x000000008c700000|100%|HC|  |TAMS 0x000000008c600000, 0x000000008c600000| Complete 
| 199|0x000000008c700000, 0x000000008c800000, 0x000000008c800000|100%|HC|  |TAMS 0x000000008c700000, 0x000000008c700000| Complete 
| 200|0x000000008c800000, 0x000000008c800000, 0x000000008c900000|  0%| F|  |TAMS 0x000000008c800000, 0x000000008c800000| Untracked 
| 201|0x000000008c900000, 0x000000008c900000, 0x000000008ca00000|  0%| F|  |TAMS 0x000000008c900000, 0x000000008c900000| Untracked 
| 202|0x000000008ca00000, 0x000000008ca00000, 0x000000008cb00000|  0%| F|  |TAMS 0x000000008ca00000, 0x000000008ca00000| Untracked 
| 203|0x000000008cb00000, 0x000000008cb28c10, 0x000000008cc00000| 15%| E|  |TAMS 0x000000008cb00000, 0x000000008cb00000| Complete 
| 204|0x000000008cc00000, 0x000000008cd00000, 0x000000008cd00000|100%| E|CS|TAMS 0x000000008cc00000, 0x000000008cc00000| Complete 
| 205|0x000000008cd00000, 0x000000008ce00000, 0x000000008ce00000|100%| E|CS|TAMS 0x000000008cd00000, 0x000000008cd00000| Complete 
| 206|0x000000008ce00000, 0x000000008cf00000, 0x000000008cf00000|100%| E|CS|TAMS 0x000000008ce00000, 0x000000008ce00000| Complete 
| 207|0x000000008cf00000, 0x000000008d000000, 0x000000008d000000|100%| E|CS|TAMS 0x000000008cf00000, 0x000000008cf00000| Complete 
| 208|0x000000008d000000, 0x000000008d100000, 0x000000008d100000|100%| E|  |TAMS 0x000000008d000000, 0x000000008d000000| Complete 
| 209|0x000000008d100000, 0x000000008d200000, 0x000000008d200000|100%|HS|  |TAMS 0x000000008d100000, 0x000000008d100000| Complete 
| 210|0x000000008d200000, 0x000000008d300000, 0x000000008d300000|100%|HC|  |TAMS 0x000000008d200000, 0x000000008d200000| Complete 
| 211|0x000000008d300000, 0x000000008d400000, 0x000000008d400000|100%|HC|  |TAMS 0x000000008d300000, 0x000000008d300000| Complete 
| 212|0x000000008d400000, 0x000000008d500000, 0x000000008d500000|100%|HC|  |TAMS 0x000000008d400000, 0x000000008d400000| Complete 
| 213|0x000000008d500000, 0x000000008d600000, 0x000000008d600000|100%|HC|  |TAMS 0x000000008d500000, 0x000000008d500000| Complete 
| 214|0x000000008d600000, 0x000000008d700000, 0x000000008d700000|100%|HC|  |TAMS 0x000000008d600000, 0x000000008d600000| Complete 
| 215|0x000000008d700000, 0x000000008d800000, 0x000000008d800000|100%|HC|  |TAMS 0x000000008d700000, 0x000000008d700000| Complete 
| 216|0x000000008d800000, 0x000000008d900000, 0x000000008d900000|100%|HC|  |TAMS 0x000000008d800000, 0x000000008d800000| Complete 
| 217|0x000000008d900000, 0x000000008da00000, 0x000000008da00000|100%|HC|  |TAMS 0x000000008d900000, 0x000000008d900000| Complete 
| 218|0x000000008da00000, 0x000000008db00000, 0x000000008db00000|100%|HC|  |TAMS 0x000000008da00000, 0x000000008da00000| Complete 
| 219|0x000000008db00000, 0x000000008dc00000, 0x000000008dc00000|100%|HC|  |TAMS 0x000000008db00000, 0x000000008db00000| Complete 
| 220|0x000000008dc00000, 0x000000008dd00000, 0x000000008dd00000|100%|HC|  |TAMS 0x000000008dc00000, 0x000000008dc00000| Complete 
| 221|0x000000008dd00000, 0x000000008de00000, 0x000000008de00000|100%|HC|  |TAMS 0x000000008dd00000, 0x000000008dd00000| Complete 
| 222|0x000000008de00000, 0x000000008df00000, 0x000000008df00000|100%|HC|  |TAMS 0x000000008de00000, 0x000000008de00000| Complete 
| 223|0x000000008df00000, 0x000000008e000000, 0x000000008e000000|100%|HC|  |TAMS 0x000000008df00000, 0x000000008df00000| Complete 
| 224|0x000000008e000000, 0x000000008e100000, 0x000000008e100000|100%|HC|  |TAMS 0x000000008e000000, 0x000000008e000000| Complete 
| 225|0x000000008e100000, 0x000000008e200000, 0x000000008e200000|100%|HC|  |TAMS 0x000000008e100000, 0x000000008e100000| Complete 
| 226|0x000000008e200000, 0x000000008e300000, 0x000000008e300000|100%|HC|  |TAMS 0x000000008e200000, 0x000000008e200000| Complete 
| 227|0x000000008e300000, 0x000000008e400000, 0x000000008e400000|100%|HC|  |TAMS 0x000000008e300000, 0x000000008e300000| Complete 
| 228|0x000000008e400000, 0x000000008e500000, 0x000000008e500000|100%|HC|  |TAMS 0x000000008e400000, 0x000000008e400000| Complete 
| 229|0x000000008e500000, 0x000000008e600000, 0x000000008e600000|100%|HC|  |TAMS 0x000000008e500000, 0x000000008e500000| Complete 
| 230|0x000000008e600000, 0x000000008e700000, 0x000000008e700000|100%|HC|  |TAMS 0x000000008e600000, 0x000000008e600000| Complete 
| 231|0x000000008e700000, 0x000000008e800000, 0x000000008e800000|100%|HS|  |TAMS 0x000000008e700000, 0x000000008e700000| Complete 
| 232|0x000000008e800000, 0x000000008e900000, 0x000000008e900000|100%|HC|  |TAMS 0x000000008e800000, 0x000000008e800000| Complete 
| 233|0x000000008e900000, 0x000000008ea00000, 0x000000008ea00000|100%|HC|  |TAMS 0x000000008e900000, 0x000000008e900000| Complete 
| 234|0x000000008ea00000, 0x000000008eb00000, 0x000000008eb00000|100%|HC|  |TAMS 0x000000008ea00000, 0x000000008ea00000| Complete 
| 235|0x000000008eb00000, 0x000000008ec00000, 0x000000008ec00000|100%|HC|  |TAMS 0x000000008eb00000, 0x000000008eb00000| Complete 
| 236|0x000000008ec00000, 0x000000008ed00000, 0x000000008ed00000|100%|HC|  |TAMS 0x000000008ec00000, 0x000000008ec00000| Complete 
| 237|0x000000008ed00000, 0x000000008ee00000, 0x000000008ee00000|100%|HC|  |TAMS 0x000000008ed00000, 0x000000008ed00000| Complete 
| 238|0x000000008ee00000, 0x000000008ef00000, 0x000000008ef00000|100%|HC|  |TAMS 0x000000008ee00000, 0x000000008ee00000| Complete 
| 239|0x000000008ef00000, 0x000000008f000000, 0x000000008f000000|100%|HC|  |TAMS 0x000000008ef00000, 0x000000008ef00000| Complete 
| 240|0x000000008f000000, 0x000000008f100000, 0x000000008f100000|100%|HC|  |TAMS 0x000000008f000000, 0x000000008f000000| Complete 
| 241|0x000000008f100000, 0x000000008f200000, 0x000000008f200000|100%|HC|  |TAMS 0x000000008f100000, 0x000000008f100000| Complete 
| 242|0x000000008f200000, 0x000000008f300000, 0x000000008f300000|100%|HC|  |TAMS 0x000000008f200000, 0x000000008f200000| Complete 
| 243|0x000000008f300000, 0x000000008f400000, 0x000000008f400000|100%|HC|  |TAMS 0x000000008f300000, 0x000000008f300000| Complete 
| 244|0x000000008f400000, 0x000000008f500000, 0x000000008f500000|100%|HC|  |TAMS 0x000000008f400000, 0x000000008f400000| Complete 
| 245|0x000000008f500000, 0x000000008f600000, 0x000000008f600000|100%|HC|  |TAMS 0x000000008f500000, 0x000000008f500000| Complete 
| 246|0x000000008f600000, 0x000000008f700000, 0x000000008f700000|100%|HC|  |TAMS 0x000000008f600000, 0x000000008f600000| Complete 
| 247|0x000000008f700000, 0x000000008f800000, 0x000000008f800000|100%|HC|  |TAMS 0x000000008f700000, 0x000000008f700000| Complete 
| 248|0x000000008f800000, 0x000000008f900000, 0x000000008f900000|100%|HC|  |TAMS 0x000000008f800000, 0x000000008f800000| Complete 
| 249|0x000000008f900000, 0x000000008fa00000, 0x000000008fa00000|100%|HC|  |TAMS 0x000000008f900000, 0x000000008f900000| Complete 

Card table byte_map: [0x000001ae5a740000,0x000001ae5ab40000] _byte_map_base: 0x000001ae5a340000

Marking Bits (Prev, Next): (CMBitMap*) 0x000001ae4597dc50, (CMBitMap*) 0x000001ae4597dc18
 Prev Bits: [0x000001ae5cf40000, 0x000001ae5ef40000)
 Next Bits: [0x000001ae5af40000, 0x000001ae5cf40000)

Polling page: 0x000001ae45790000

Metaspace:

Usage:
  Non-class:    101.66 MB capacity,    99.67 MB ( 98%) used,     1.66 MB (  2%) free+waste,   345.94 KB ( <1%) overhead. 
      Class:     15.07 MB capacity,    14.02 MB ( 93%) used,   920.85 KB (  6%) free+waste,   150.75 KB ( <1%) overhead. 
       Both:    116.73 MB capacity,   113.69 MB ( 97%) used,     2.56 MB (  2%) free+waste,   496.69 KB ( <1%) overhead. 

Virtual space:
  Non-class space:      104.00 MB reserved,     102.17 MB ( 98%) committed 
      Class space:        1.00 GB reserved,      15.50 MB (  2%) committed 
             Both:        1.10 GB reserved,     117.67 MB ( 10%) committed 

Chunk freelists:
   Non-Class:  393.00 KB
       Class:  402.00 KB
        Both:  795.00 KB

MaxMetaspaceSize: 17179869184.00 GB
CompressedClassSpaceSize: 1.00 GB

CodeHeap 'non-profiled nmethods': size=120064Kb used=12686Kb max_used=12686Kb free=107377Kb
 bounds [0x000001ae527e0000, 0x000001ae53450000, 0x000001ae59d20000]
CodeHeap 'profiled nmethods': size=120000Kb used=39712Kb max_used=39712Kb free=80287Kb
 bounds [0x000001ae4b2b0000, 0x000001ae4da50000, 0x000001ae527e0000]
CodeHeap 'non-nmethods': size=5696Kb used=2331Kb max_used=2392Kb free=3364Kb
 bounds [0x000001ae4ad20000, 0x000001ae4af90000, 0x000001ae4b2b0000]
 total_blobs=19044 nmethods=18099 adapters=853
 compilation: enabled
              stopped_count=0, restarted_count=0
 full_count=0

Compilation events (20 events):
Event: 2564.141 Thread 0x000001ae61e8c800 21905       3       com.android.builder.internal.packaging.IncrementalPackager$$Lambda$1377/0x0000000100e1f040::apply (14 bytes)
Event: 2564.141 Thread 0x000001ae61e8c800 nmethod 21905 0x000001ae4c25f810 code [0x000001ae4c25f9e0, 0x000001ae4c25fc88]
Event: 2564.141 Thread 0x000001ae61e8c800 21906       3       com.android.zipflinger.ZipSource::select (9 bytes)
Event: 2564.142 Thread 0x000001ae61e8c800 nmethod 21906 0x000001ae4bba0d90 code [0x000001ae4bba0f40, 0x000001ae4bba1068]
Event: 2564.142 Thread 0x000001ae61e8c800 21907       3       com.android.zipflinger.ZipSource::select (80 bytes)
Event: 2564.143 Thread 0x000001ae61e8c800 nmethod 21907 0x000001ae4c437090 code [0x000001ae4c437380, 0x000001ae4c438398]
Event: 2564.143 Thread 0x000001ae61e8c800 21908       3       com.android.zipflinger.ZipSource::newZipSourceEntryFor (71 bytes)
Event: 2564.143 Thread 0x000001ae61e8c800 nmethod 21908 0x000001ae4c293910 code [0x000001ae4c293b20, 0x000001ae4c2941a8]
Event: 2564.143 Thread 0x000001ae61e8c800 21909       3       com.android.zipflinger.ZipSourceEntry::<init> (51 bytes)
Event: 2564.144 Thread 0x000001ae61e8c800 nmethod 21909 0x000001ae4c29c590 code [0x000001ae4c29c780, 0x000001ae4c29ccc8]
Event: 2564.144 Thread 0x000001ae61e8c800 21910       3       com.android.zipflinger.Entry::isCompressed (13 bytes)
Event: 2564.144 Thread 0x000001ae61e8c800 nmethod 21910 0x000001ae4bbc7690 code [0x000001ae4bbc7840, 0x000001ae4bbc7998]
Event: 2564.144 Thread 0x000001ae61e8c800 21904       3       com.android.apksig.DefaultApkSignerEngine::invalidateV1Signature (17 bytes)
Event: 2564.144 Thread 0x000001ae61e8c800 nmethod 21904 0x000001ae4c25ac90 code [0x000001ae4c25ae40, 0x000001ae4c25b058]
Event: 2564.146 Thread 0x000001ae6156e000 21911   !   4       java.util.zip.Deflater::needsInput (55 bytes)
Event: 2564.149 Thread 0x000001ae6156e000 nmethod 21911 0x000001ae53445b90 code [0x000001ae53445d20, 0x000001ae53445fb8]
Event: 2564.166 Thread 0x000001ae61e8c800 21913   !   3       sun.nio.ch.FileChannelImpl$Unmapper::run (98 bytes)
Event: 2564.168 Thread 0x000001ae61e8c800 nmethod 21913 0x000001ae4c2c9810 code [0x000001ae4c2c9a60, 0x000001ae4c2ca668]
Event: 2564.542 Thread 0x000001ae61e8c800 21915   !   3       java.util.zip.Deflater::finished (19 bytes)
Event: 2564.542 Thread 0x000001ae61e8c800 nmethod 21915 0x000001ae4c27a410 code [0x000001ae4c27a5c0, 0x000001ae4c27a858]

GC Heap History (20 events):
Event: 2559.373 GC heap before
{Heap before GC invocations=144 (full 0):
 garbage-first heap   total 159744K, used 112007K [0x0000000080000000, 0x0000000100000000)
  region size 1024K, 7 young (7168K), 5 survivors (5120K)
 Metaspace       used 115908K, capacity 119010K, committed 120496K, reserved 1155072K
  class space    used 14341K, capacity 15421K, committed 15872K, reserved 1048576K
}
Event: 2559.414 GC heap after
{Heap after GC invocations=145 (full 0):
 garbage-first heap   total 159744K, used 102169K [0x0000000080000000, 0x0000000100000000)
  region size 1024K, 1 young (1024K), 1 survivors (1024K)
 Metaspace       used 115908K, capacity 119010K, committed 120496K, reserved 1155072K
  class space    used 14341K, capacity 15421K, committed 15872K, reserved 1048576K
}
Event: 2559.754 GC heap before
{Heap before GC invocations=145 (full 0):
 garbage-first heap   total 159744K, used 126745K [0x0000000080000000, 0x0000000100000000)
  region size 1024K, 25 young (25600K), 1 survivors (1024K)
 Metaspace       used 116036K, capacity 119138K, committed 120496K, reserved 1155072K
  class space    used 14341K, capacity 15421K, committed 15872K, reserved 1048576K
}
Event: 2559.795 GC heap after
{Heap after GC invocations=146 (full 0):
 garbage-first heap   total 159744K, used 115689K [0x0000000080000000, 0x0000000100000000)
  region size 1024K, 4 young (4096K), 4 survivors (4096K)
 Metaspace       used 116036K, capacity 119138K, committed 120496K, reserved 1155072K
  class space    used 14341K, capacity 15421K, committed 15872K, reserved 1048576K
}
Event: 2560.356 GC heap before
{Heap before GC invocations=146 (full 0):
 garbage-first heap   total 159744K, used 129001K [0x0000000080000000, 0x0000000100000000)
  region size 1024K, 17 young (17408K), 4 survivors (4096K)
 Metaspace       used 116044K, capacity 119138K, committed 120496K, reserved 1155072K
  class space    used 14341K, capacity 15421K, committed 15872K, reserved 1048576K
}
Event: 2560.411 GC heap after
{Heap after GC invocations=147 (full 0):
 garbage-first heap   total 159744K, used 122710K [0x0000000080000000, 0x0000000100000000)
  region size 1024K, 3 young (3072K), 3 survivors (3072K)
 Metaspace       used 116044K, capacity 119138K, committed 120496K, reserved 1155072K
  class space    used 14341K, capacity 15421K, committed 15872K, reserved 1048576K
}
Event: 2560.593 GC heap before
{Heap before GC invocations=148 (full 0):
 garbage-first heap   total 159744K, used 130902K [0x0000000080000000, 0x0000000100000000)
  region size 1024K, 12 young (12288K), 3 survivors (3072K)
 Metaspace       used 116064K, capacity 119138K, committed 120496K, reserved 1155072K
  class space    used 14341K, capacity 15421K, committed 15872K, reserved 1048576K
}
Event: 2560.612 GC heap after
{Heap after GC invocations=149 (full 0):
 garbage-first heap   total 159744K, used 125281K [0x0000000080000000, 0x0000000100000000)
  region size 1024K, 2 young (2048K), 2 survivors (2048K)
 Metaspace       used 116064K, capacity 119138K, committed 120496K, reserved 1155072K
  class space    used 14341K, capacity 15421K, committed 15872K, reserved 1048576K
}
Event: 2560.785 GC heap before
{Heap before GC invocations=149 (full 0):
 garbage-first heap   total 159744K, used 131425K [0x0000000080000000, 0x0000000100000000)
  region size 1024K, 7 young (7168K), 2 survivors (2048K)
 Metaspace       used 116072K, capacity 119138K, committed 120496K, reserved 1155072K
  class space    used 14341K, capacity 15421K, committed 15872K, reserved 1048576K
}
Event: 2560.806 GC heap after
{Heap after GC invocations=150 (full 0):
 garbage-first heap   total 159744K, used 124530K [0x0000000080000000, 0x0000000100000000)
  region size 1024K, 1 young (1024K), 1 survivors (1024K)
 Metaspace       used 116072K, capacity 119138K, committed 120496K, reserved 1155072K
  class space    used 14341K, capacity 15421K, committed 15872K, reserved 1048576K
}
Event: 2560.839 GC heap before
{Heap before GC invocations=150 (full 0):
 garbage-first heap   total 159744K, used 125554K [0x0000000080000000, 0x0000000100000000)
  region size 1024K, 3 young (3072K), 1 survivors (1024K)
 Metaspace       used 116072K, capacity 119138K, committed 120496K, reserved 1155072K
  class space    used 14341K, capacity 15421K, committed 15872K, reserved 1048576K
}
Event: 2560.849 GC heap after
{Heap after GC invocations=151 (full 0):
 garbage-first heap   total 159744K, used 124710K [0x0000000080000000, 0x0000000100000000)
  region size 1024K, 2 young (2048K), 2 survivors (2048K)
 Metaspace       used 116072K, capacity 119138K, committed 120496K, reserved 1155072K
  class space    used 14341K, capacity 15421K, committed 15872K, reserved 1048576K
}
Event: 2561.555 GC heap before
{Heap before GC invocations=152 (full 0):
 garbage-first heap   total 159744K, used 129830K [0x0000000080000000, 0x0000000100000000)
  region size 1024K, 9 young (9216K), 2 survivors (2048K)
 Metaspace       used 116074K, capacity 119138K, committed 120496K, reserved 1155072K
  class space    used 14341K, capacity 15421K, committed 15872K, reserved 1048576K
}
Event: 2561.590 GC heap after
{Heap after GC invocations=153 (full 0):
 garbage-first heap   total 214016K, used 125060K [0x0000000080000000, 0x0000000100000000)
  region size 1024K, 2 young (2048K), 2 survivors (2048K)
 Metaspace       used 116074K, capacity 119138K, committed 120496K, reserved 1155072K
  class space    used 14341K, capacity 15421K, committed 15872K, reserved 1048576K
}
Event: 2561.762 GC heap before
{Heap before GC invocations=153 (full 0):
 garbage-first heap   total 214016K, used 134276K [0x0000000080000000, 0x0000000100000000)
  region size 1024K, 10 young (10240K), 2 survivors (2048K)
 Metaspace       used 116078K, capacity 119138K, committed 120496K, reserved 1155072K
  class space    used 14341K, capacity 15421K, committed 15872K, reserved 1048576K
}
Event: 2561.781 GC heap after
{Heap after GC invocations=154 (full 0):
 garbage-first heap   total 214016K, used 126656K [0x0000000080000000, 0x0000000100000000)
  region size 1024K, 2 young (2048K), 2 survivors (2048K)
 Metaspace       used 116078K, capacity 119138K, committed 120496K, reserved 1155072K
  class space    used 14341K, capacity 15421K, committed 15872K, reserved 1048576K
}
Event: 2562.103 GC heap before
{Heap before GC invocations=154 (full 0):
 garbage-first heap   total 214016K, used 145088K [0x0000000080000000, 0x0000000100000000)
  region size 1024K, 21 young (21504K), 2 survivors (2048K)
 Metaspace       used 116150K, capacity 119230K, committed 120496K, reserved 1155072K
  class space    used 14341K, capacity 15421K, committed 15872K, reserved 1048576K
}
Event: 2562.115 GC heap after
{Heap after GC invocations=155 (full 0):
 garbage-first heap   total 214016K, used 126879K [0x0000000080000000, 0x0000000100000000)
  region size 1024K, 3 young (3072K), 3 survivors (3072K)
 Metaspace       used 116150K, capacity 119230K, committed 120496K, reserved 1155072K
  class space    used 14341K, capacity 15421K, committed 15872K, reserved 1048576K
}
Event: 2563.504 GC heap before
{Heap before GC invocations=156 (full 0):
 garbage-first heap   total 214016K, used 159647K [0x0000000080000000, 0x0000000100000000)
  region size 1024K, 31 young (31744K), 3 survivors (3072K)
 Metaspace       used 116259K, capacity 119396K, committed 120496K, reserved 1155072K
  class space    used 14351K, capacity 15432K, committed 15872K, reserved 1048576K
}
Event: 2563.509 GC heap after
{Heap after GC invocations=157 (full 0):
 garbage-first heap   total 214016K, used 124018K [0x0000000080000000, 0x0000000100000000)
  region size 1024K, 1 young (1024K), 1 survivors (1024K)
 Metaspace       used 116259K, capacity 119396K, committed 120496K, reserved 1155072K
  class space    used 14351K, capacity 15432K, committed 15872K, reserved 1048576K
}

Deoptimization events (20 events):
Event: 2563.231 Thread 0x000001ae6b802000 DEOPT PACKING pc=0x000001ae53015694 sp=0x00000018cabfd990
Event: 2563.231 Thread 0x000001ae6b802000 DEOPT UNPACKING pc=0x000001ae4ad474af sp=0x00000018cabfd920 mode 2
Event: 2563.231 Thread 0x000001ae6b802000 Uncommon trap: trap_request=0xffffff7e fr.pc=0x000001ae532880e0 relative=0x0000000000000ea0
Event: 2563.231 Thread 0x000001ae6b802000 Uncommon trap: reason=predicate action=maybe_recompile pc=0x000001ae532880e0 method=com.google.common.collect.RegularImmutableMap.fromEntryArray(I[Ljava/util/Map$Entry;)Lcom/google/common/collect/ImmutableMap; @ 59 c2
Event: 2563.231 Thread 0x000001ae6b802000 DEOPT PACKING pc=0x000001ae532880e0 sp=0x00000018cabfd980
Event: 2563.231 Thread 0x000001ae6b802000 DEOPT UNPACKING pc=0x000001ae4ad474af sp=0x00000018cabfd938 mode 2
Event: 2563.264 Thread 0x000001ae6b802000 DEOPT PACKING pc=0x000001ae4d5de5f6 sp=0x00000018cabfcff0
Event: 2563.264 Thread 0x000001ae6b802000 DEOPT UNPACKING pc=0x000001ae4ad472ce sp=0x00000018cabfc570 mode 0
Event: 2563.300 Thread 0x000001ae6b802000 DEOPT PACKING pc=0x000001ae4d5de5f6 sp=0x00000018cabfcff0
Event: 2563.300 Thread 0x000001ae6b802000 DEOPT UNPACKING pc=0x000001ae4ad472ce sp=0x00000018cabfc570 mode 0
Event: 2563.333 Thread 0x000001ae6b802000 DEOPT PACKING pc=0x000001ae4d5de5f6 sp=0x00000018cabfd2e0
Event: 2563.333 Thread 0x000001ae6b802000 DEOPT UNPACKING pc=0x000001ae4ad472ce sp=0x00000018cabfc860 mode 0
Event: 2563.391 Thread 0x000001ae6b802000 DEOPT PACKING pc=0x000001ae4d5de5f6 sp=0x00000018cabfcfb0
Event: 2563.391 Thread 0x000001ae6b802000 DEOPT UNPACKING pc=0x000001ae4ad472ce sp=0x00000018cabfc530 mode 0
Event: 2563.475 Thread 0x000001ae6b802000 DEOPT PACKING pc=0x000001ae4d5de5f6 sp=0x00000018cabfcfb0
Event: 2563.475 Thread 0x000001ae6b802000 DEOPT UNPACKING pc=0x000001ae4ad472ce sp=0x00000018cabfc530 mode 0
Event: 2563.515 Thread 0x000001ae6b802000 Uncommon trap: trap_request=0xffffffbe fr.pc=0x000001ae53284db8 relative=0x0000000000000d18
Event: 2563.515 Thread 0x000001ae6b802000 Uncommon trap: reason=profile_predicate action=maybe_recompile pc=0x000001ae53284db8 method=com.google.common.collect.RegularImmutableMap.fromEntryArray(I[Ljava/util/Map$Entry;)Lcom/google/common/collect/ImmutableMap; @ 56 c2
Event: 2563.515 Thread 0x000001ae6b802000 DEOPT PACKING pc=0x000001ae53284db8 sp=0x00000018cabfda70
Event: 2563.515 Thread 0x000001ae6b802000 DEOPT UNPACKING pc=0x000001ae4ad474af sp=0x00000018cabfda48 mode 2

Classes redefined (0 events):
No events

Internal exceptions (20 events):
Event: 2557.474 Thread 0x000001ae6b80a000 Exception <a 'sun/nio/fs/WindowsException'{0x000000008918c378}> (0x000000008918c378) thrown at [./src/hotspot/share/prims/jni.cpp, line 615]
Event: 2557.479 Thread 0x000001ae6b80a000 Exception <a 'sun/nio/fs/WindowsException'{0x00000000891924e8}> (0x00000000891924e8) thrown at [./src/hotspot/share/prims/jni.cpp, line 615]
Event: 2557.485 Thread 0x000001ae6b80a000 Exception <a 'sun/nio/fs/WindowsException'{0x00000000892d49d0}> (0x00000000892d49d0) thrown at [./src/hotspot/share/prims/jni.cpp, line 615]
Event: 2557.491 Thread 0x000001ae6b80a000 Exception <a 'sun/nio/fs/WindowsException'{0x00000000892ddf40}> (0x00000000892ddf40) thrown at [./src/hotspot/share/prims/jni.cpp, line 615]
Event: 2557.495 Thread 0x000001ae6b80a000 Exception <a 'sun/nio/fs/WindowsException'{0x00000000890c2478}> (0x00000000890c2478) thrown at [./src/hotspot/share/prims/jni.cpp, line 615]
Event: 2557.499 Thread 0x000001ae6b80a000 Exception <a 'sun/nio/fs/WindowsException'{0x00000000890cbdc8}> (0x00000000890cbdc8) thrown at [./src/hotspot/share/prims/jni.cpp, line 615]
Event: 2557.502 Thread 0x000001ae6b80a000 Exception <a 'sun/nio/fs/WindowsException'{0x00000000890d70c8}> (0x00000000890d70c8) thrown at [./src/hotspot/share/prims/jni.cpp, line 615]
Event: 2557.520 Thread 0x000001ae6b80a000 Exception <a 'sun/nio/fs/WindowsException'{0x00000000890e0818}> (0x00000000890e0818) thrown at [./src/hotspot/share/prims/jni.cpp, line 615]
Event: 2557.524 Thread 0x000001ae6b80a000 Exception <a 'sun/nio/fs/WindowsException'{0x0000000088fc1510}> (0x0000000088fc1510) thrown at [./src/hotspot/share/prims/jni.cpp, line 615]
Event: 2557.529 Thread 0x000001ae6b80a000 Exception <a 'sun/nio/fs/WindowsException'{0x0000000088fc9d08}> (0x0000000088fc9d08) thrown at [./src/hotspot/share/prims/jni.cpp, line 615]
Event: 2557.532 Thread 0x000001ae6b80a000 Exception <a 'sun/nio/fs/WindowsException'{0x0000000088fd1340}> (0x0000000088fd1340) thrown at [./src/hotspot/share/prims/jni.cpp, line 615]
Event: 2557.588 Thread 0x000001ae688b2800 Implicit null exception at 0x000001ae52ac18b0 to 0x000001ae52ac267c
Event: 2557.728 Thread 0x000001ae6b80e000 Exception <a 'sun/nio/fs/WindowsException'{0x00000000888bd798}> (0x00000000888bd798) thrown at [./src/hotspot/share/prims/jni.cpp, line 615]
Event: 2558.645 Thread 0x000001ae6b80f000 Exception <a 'sun/nio/fs/WindowsException'{0x0000000089085918}> (0x0000000089085918) thrown at [./src/hotspot/share/prims/jni.cpp, line 615]
Event: 2559.088 Thread 0x000001ae6b80d800 Exception <a 'sun/nio/fs/WindowsException'{0x0000000088f59968}> (0x0000000088f59968) thrown at [./src/hotspot/share/prims/jni.cpp, line 615]
Event: 2561.651 Thread 0x000001ae6664a800 Implicit null exception at 0x000001ae53062e4c to 0x000001ae53062fa0
Event: 2563.015 Thread 0x000001ae6664a800 Exception <a 'sun/nio/fs/WindowsException'{0x000000008c4317b0}> (0x000000008c4317b0) thrown at [./src/hotspot/share/prims/jni.cpp, line 615]
Event: 2563.105 Thread 0x000001ae6b807000 Implicit null exception at 0x000001ae531c53cc to 0x000001ae531c53fd
Event: 2563.531 Thread 0x000001ae6b802000 Exception <a 'sun/nio/fs/WindowsException'{0x000000008d031038}> (0x000000008d031038) thrown at [./src/hotspot/share/prims/jni.cpp, line 615]
Event: 2563.531 Thread 0x000001ae6b802000 Exception <a 'sun/nio/fs/WindowsException'{0x000000008d031398}> (0x000000008d031398) thrown at [./src/hotspot/share/prims/jni.cpp, line 615]

Events (20 events):
Event: 2564.004 loading class com/android/zipflinger/ExtractionInfo
Event: 2564.004 loading class com/android/zipflinger/ExtractionInfo done
Event: 2564.051 loading class java/util/zip/InflaterOutputStream
Event: 2564.089 loading class java/util/zip/InflaterOutputStream done
Event: 2564.156 Executing VM operation: RevokeBias
Event: 2564.157 Executing VM operation: RevokeBias done
Event: 2564.161 Executing VM operation: RevokeBias
Event: 2564.161 Executing VM operation: RevokeBias done
Event: 2564.166 Loaded shared library C:\Program Files\JetBrains\IntelliJ IDEA 2020.2.3\jbr\bin\nio.dll
Event: 2564.170 Loaded shared library C:\Program Files\JetBrains\IntelliJ IDEA 2020.2.3\jbr\bin\nio.dll
Event: 2564.191 Executing VM operation: RevokeBias
Event: 2564.192 Executing VM operation: RevokeBias done
Event: 2564.203 Executing VM operation: RevokeBias
Event: 2564.214 Executing VM operation: RevokeBias done
Event: 2564.551 Executing VM operation: RevokeBias
Event: 2564.551 Executing VM operation: RevokeBias done
Event: 2564.563 Executing VM operation: RevokeBias
Event: 2564.563 Executing VM operation: RevokeBias done
Event: 2564.596 Executing VM operation: RevokeBias
Event: 2564.596 Executing VM operation: RevokeBias done


Dynamic libraries:
0x00007ff624f10000 - 0x00007ff624f1a000 	C:\Program Files\JetBrains\IntelliJ IDEA 2020.2.3\jbr\bin\java.exe
0x00007ffc66f80000 - 0x00007ffc67170000 	C:\WINDOWS\SYSTEM32\ntdll.dll
0x00007ffc656e0000 - 0x00007ffc65792000 	C:\WINDOWS\System32\KERNEL32.DLL
0x00007ffc642c0000 - 0x00007ffc64565000 	C:\WINDOWS\System32\KERNELBASE.dll
0x00007ffc641c0000 - 0x00007ffc642ba000 	C:\WINDOWS\System32\ucrtbase.dll
0x00007ffc613f0000 - 0x00007ffc61407000 	C:\Program Files\JetBrains\IntelliJ IDEA 2020.2.3\jbr\bin\VCRUNTIME140.dll
0x00007ffc40e10000 - 0x00007ffc40e29000 	C:\Program Files\JetBrains\IntelliJ IDEA 2020.2.3\jbr\bin\jli.dll
0x00007ffc651d0000 - 0x00007ffc65364000 	C:\WINDOWS\System32\USER32.dll
0x00007ffc64570000 - 0x00007ffc64591000 	C:\WINDOWS\System32\win32u.dll
0x00007ffc57690000 - 0x00007ffc57914000 	C:\WINDOWS\WinSxS\amd64_microsoft.windows.common-controls_6595b64144ccf1df_6.0.18362.1198_none_9e820b57e45ad92f\COMCTL32.dll
0x00007ffc65370000 - 0x00007ffc65396000 	C:\WINDOWS\System32\GDI32.dll
0x00007ffc66250000 - 0x00007ffc662ee000 	C:\WINDOWS\System32\msvcrt.dll
0x00007ffc645a0000 - 0x00007ffc64736000 	C:\WINDOWS\System32\gdi32full.dll
0x00007ffc653a0000 - 0x00007ffc656d5000 	C:\WINDOWS\System32\combase.dll
0x00007ffc650a0000 - 0x00007ffc651c0000 	C:\WINDOWS\System32\RPCRT4.dll
0x00007ffc64120000 - 0x00007ffc641be000 	C:\WINDOWS\System32\msvcp_win.dll
0x00007ffc64f80000 - 0x00007ffc65000000 	C:\WINDOWS\System32\bcryptPrimitives.dll
0x00007ffc66f10000 - 0x00007ffc66f3e000 	C:\WINDOWS\System32\IMM32.DLL
0x00007ffc39f80000 - 0x00007ffc3a01d000 	C:\Program Files\JetBrains\IntelliJ IDEA 2020.2.3\jbr\bin\msvcp140.dll
0x00007ffc0d4b0000 - 0x00007ffc0df7e000 	C:\Program Files\JetBrains\IntelliJ IDEA 2020.2.3\jbr\bin\server\jvm.dll
0x00007ffc66130000 - 0x00007ffc661d3000 	C:\WINDOWS\System32\ADVAPI32.dll
0x00007ffc65d50000 - 0x00007ffc65de7000 	C:\WINDOWS\System32\sechost.dll
0x00007ffc66630000 - 0x00007ffc66638000 	C:\WINDOWS\System32\PSAPI.DLL
0x00007ffc61430000 - 0x00007ffc61454000 	C:\WINDOWS\SYSTEM32\WINMM.dll
0x00007ffc610c0000 - 0x00007ffc610c9000 	C:\WINDOWS\SYSTEM32\WSOCK32.dll
0x00007ffc62e20000 - 0x00007ffc62e2a000 	C:\WINDOWS\SYSTEM32\VERSION.dll
0x00007ffc65ea0000 - 0x00007ffc65f0f000 	C:\WINDOWS\System32\WS2_32.dll
0x00007ffc61310000 - 0x00007ffc6133d000 	C:\WINDOWS\SYSTEM32\WINMMBASE.dll
0x00007ffc64ed0000 - 0x00007ffc64f1a000 	C:\WINDOWS\System32\cfgmgr32.dll
0x00007ffc63e40000 - 0x00007ffc63e51000 	C:\WINDOWS\System32\kernel.appcore.dll
0x00007ffc41e50000 - 0x00007ffc41e61000 	C:\Program Files\JetBrains\IntelliJ IDEA 2020.2.3\jbr\bin\verify.dll
0x00007ffc629a0000 - 0x00007ffc62b94000 	C:\WINDOWS\SYSTEM32\DBGHELP.DLL
0x00007ffc52ef0000 - 0x00007ffc52f1a000 	C:\WINDOWS\SYSTEM32\dbgcore.DLL
0x00007ffc3f860000 - 0x00007ffc3f889000 	C:\Program Files\JetBrains\IntelliJ IDEA 2020.2.3\jbr\bin\java.dll
0x00007ffc601c0000 - 0x00007ffc601cb000 	C:\Program Files\JetBrains\IntelliJ IDEA 2020.2.3\jbr\bin\jimage.dll
0x00007ffc41e30000 - 0x00007ffc41e48000 	C:\Program Files\JetBrains\IntelliJ IDEA 2020.2.3\jbr\bin\zip.dll
0x00007ffc667a0000 - 0x00007ffc66e87000 	C:\WINDOWS\System32\SHELL32.dll
0x00007ffc65df0000 - 0x00007ffc65e99000 	C:\WINDOWS\System32\shcore.dll
0x00007ffc64740000 - 0x00007ffc64ec1000 	C:\WINDOWS\System32\windows.storage.dll
0x00007ffc63ed0000 - 0x00007ffc63ef3000 	C:\WINDOWS\System32\profapi.dll
0x00007ffc63e60000 - 0x00007ffc63eaa000 	C:\WINDOWS\System32\powrprof.dll
0x00007ffc63e30000 - 0x00007ffc63e40000 	C:\WINDOWS\System32\UMPDC.dll
0x00007ffc665d0000 - 0x00007ffc66622000 	C:\WINDOWS\System32\shlwapi.dll
0x00007ffc64050000 - 0x00007ffc64067000 	C:\WINDOWS\System32\cryptsp.dll
0x00007ffc40500000 - 0x00007ffc4051a000 	C:\Program Files\JetBrains\IntelliJ IDEA 2020.2.3\jbr\bin\net.dll
0x00007ffc58d50000 - 0x00007ffc58e40000 	C:\WINDOWS\SYSTEM32\WINHTTP.dll
0x00007ffc63620000 - 0x00007ffc63687000 	C:\WINDOWS\system32\mswsock.dll
0x00007ffc3cd70000 - 0x00007ffc3cd84000 	C:\Program Files\JetBrains\IntelliJ IDEA 2020.2.3\jbr\bin\nio.dll
0x00007ffc50950000 - 0x00007ffc50976000 	C:\Users\RAJAT\.gradle\native\31\windows-amd64\native-platform.dll
0x00007ffc5a1e0000 - 0x00007ffc5a1ea000 	C:\Program Files\JetBrains\IntelliJ IDEA 2020.2.3\jbr\bin\management.dll
0x00007ffc54b20000 - 0x00007ffc54b2c000 	C:\Program Files\JetBrains\IntelliJ IDEA 2020.2.3\jbr\bin\management_ext.dll
0x00007ffc63190000 - 0x00007ffc631c3000 	C:\WINDOWS\system32\rsaenh.dll
0x00007ffc65000000 - 0x00007ffc65026000 	C:\WINDOWS\System32\bcrypt.dll
0x00007ffc63d50000 - 0x00007ffc63d75000 	C:\WINDOWS\SYSTEM32\USERENV.dll
0x00007ffc637f0000 - 0x00007ffc637fc000 	C:\WINDOWS\SYSTEM32\CRYPTBASE.dll
0x00007ffc63330000 - 0x00007ffc6336a000 	C:\WINDOWS\SYSTEM32\IPHLPAPI.DLL
0x00007ffc651c0000 - 0x00007ffc651c8000 	C:\WINDOWS\System32\NSI.dll
0x00007ffc627e0000 - 0x00007ffc627f6000 	C:\WINDOWS\SYSTEM32\dhcpcsvc6.DLL
0x00007ffc627c0000 - 0x00007ffc627dc000 	C:\WINDOWS\SYSTEM32\dhcpcsvc.DLL
0x00007ffc63380000 - 0x00007ffc6344b000 	C:\WINDOWS\SYSTEM32\DNSAPI.dll
0x00007ffc3b3f0000 - 0x00007ffc3b418000 	C:\Program Files\JetBrains\IntelliJ IDEA 2020.2.3\jbr\bin\sunec.dll

dbghelp: loaded successfully - version: 4.0.5 - missing functions: none
symbol engine: initialized successfully - sym options: 0x614 - pdb path: .;C:\Program Files\JetBrains\IntelliJ IDEA 2020.2.3\jbr\bin;C:\WINDOWS\SYSTEM32;C:\WINDOWS\WinSxS\amd64_microsoft.windows.common-controls_6595b64144ccf1df_6.0.18362.1198_none_9e820b57e45ad92f;C:\Program Files\JetBrains\IntelliJ IDEA 2020.2.3\jbr\bin\server;C:\Users\RAJAT\.gradle\native\31\windows-amd64

VM Arguments:
jvm_args: --add-opens=java.base/java.util=ALL-UNNAMED --add-opens=java.base/java.lang=ALL-UNNAMED --add-opens=java.base/java.lang.invoke=ALL-UNNAMED --add-opens=java.prefs/java.util.prefs=ALL-UNNAMED -Xmx2048m -Dfile.encoding=windows-1252 -Duser.country=US -Duser.language=en -Duser.variant 
java_command: org.gradle.launcher.daemon.bootstrap.GradleDaemon 6.1.1
java_class_path (initial): C:\Users\RAJAT\.gradle\wrapper\dists\gradle-6.1.1-all\cfmwm155h49vnt3hynmlrsdst\gradle-6.1.1\lib\gradle-launcher-6.1.1.jar
Launcher Type: SUN_STANDARD

[Global flags]
     intx CICompilerCount                          = 3                                         {product} {ergonomic}
     uint ConcGCThreads                            = 1                                         {product} {ergonomic}
     uint G1ConcRefinementThreads                  = 4                                         {product} {ergonomic}
   size_t G1HeapRegionSize                         = 1048576                                   {product} {ergonomic}
    uintx GCDrainStackTargetSize                   = 64                                        {product} {ergonomic}
   size_t InitialHeapSize                          = 67108864                                  {product} {ergonomic}
   size_t MarkStackSize                            = 4194304                                   {product} {ergonomic}
   size_t MaxHeapSize                              = 2147483648                                {product} {command line}
   size_t MaxNewSize                               = 1287651328                                {product} {ergonomic}
   size_t MinHeapDeltaBytes                        = 1048576                                   {product} {ergonomic}
    uintx NonNMethodCodeHeapSize                   = 5830732                                {pd product} {ergonomic}
    uintx NonProfiledCodeHeapSize                  = 122913754                              {pd product} {ergonomic}
    uintx ProfiledCodeHeapSize                     = 122913754                              {pd product} {ergonomic}
    uintx ReservedCodeCacheSize                    = 251658240                              {pd product} {ergonomic}
     bool SegmentedCodeCache                       = true                                      {product} {ergonomic}
     bool UseCompressedClassPointers               = true                                 {lp64_product} {ergonomic}
     bool UseCompressedOops                        = true                                 {lp64_product} {ergonomic}
     bool UseG1GC                                  = true                                      {product} {ergonomic}
     bool UseLargePagesIndividualAllocation        = false                                  {pd product} {ergonomic}

Logging:
Log output configuration:
 #0: stdout all=warning uptime,level,tags
 #1: stderr all=off uptime,level,tags

Environment Variables:
PATH=C:\Windows\system32;C:\Windows;C:\Windows\System32\Wbem;C:\Windows\System32\WindowsPowerShell\v1.0\;C:\Program Files (x86)\NVIDIA Corporation\PhysX\Common;C:\WINDOWS\system32;C:\WINDOWS;C:\WINDOWS\System32\Wbem;C:\WINDOWS\System32\WindowsPowerShell\v1.0\;C:\WINDOWS\System32\OpenSSH\;G:\xampp\mysql\bin;C:\Program Files\nodejs;C:\Program Files (x86)\Microsoft Visual Studio 12.0\VC;C:\Program Files (x86)\Microsoft Visual Studio\2017\Community\VC;C:\Program Files (x86)\Microsoft Visual Studio 12.0\VC\bin\x86_amd64\vcvarsx86_a;C:\Program Files (x86)\Microsoft Visual Studio 12.0\VC\bin\vcvars32.bat;C:\Program Files (x86)\Microsoft Visual Studio\2017\BuildTools;C:\Program Files\Java\jdk1.8.0_181\bin;D:\cards\CodeBlocks\MinGW\bin;C:\Python38;C:\Users\HP\AppData\Roaming\nvm;C:\Users\HP\AppData\Roaming\nvm;C:\Program Files\nodejs;C:\Users\HP\AppData\Roaming\nvm\v11.0.0\;C:\Users\HP\AppData\Roaming\nvm\v1;D:\HerokuInstaller\heroku\bin;C:\Program Files\MySQL\MySQL Server 8.0\bin\mysql.exe;C:\Python38\Scripts\;C:\Users\HP\AppData\Roaming\nvm;C:\Program Files\nodejs;C:\MinGW\bin;C:\src\flutter\bin;C:\Users\RAJAT\.gradle\wrapper\dists\gradle-6.1.1-all\cfmwm155h49vnt3hynmlrsdst\gradle-6.1.1\bin;C:\Program Files\MySQL\MySQL Shell 8.0\bin\;C:\Users\RAJAT\AppData\Local\Programs\Python\Python37-32\Scripts\;C:\Users\RAJAT\AppData\Local\Programs\Python\Python37-32\;C:\Users\RAJAT\AppData\Local\Microsoft\WindowsApps;G:\Git\cmd;G:\Git\mingw64\bin;G:\Git\usr\bin;C:\Users\RAJAT\AppData\Local\GitHubDesktop\bin;G:\VScode\Microsoft VS Code\bin;C:\Users\RAJAT\AppData\Local\Microsoft\WindowsApps;C:\Users\RAJAT\AppData\Roaming\npm;C:\Program Files\Sublime Text 3;
USERNAME=RAJAT
OS=Windows_NT
PROCESSOR_IDENTIFIER=Intel64 Family 6 Model 142 Stepping 9, GenuineIntel



---------------  S Y S T E M  ---------------

OS: Windows 10 , 64 bit Build 18362 (10.0.18362.1110)
OS uptime: 5 days 1:12 hours

CPU:total 4 (initial active 4) (2 cores per cpu, 2 threads per core) family 6 model 142 stepping 9, cmov, cx8, fxsr, mmx, sse, sse2, sse3, ssse3, sse4.1, sse4.2, popcnt, avx, avx2, aes, clmul, erms, 3dnowpref, lzcnt, ht, tsc, tscinvbit, bmi1, bmi2, adx, fma

Memory: 4k page, system-wide physical 3991M (324M free)
TotalPageFile size 8991M (AvailPageFile size 25M)
current process WorkingSet (physical memory assigned to process): 531M, peak: 533M
current process commit charge ("private bytes"): 637M, peak: 658M

vm_info: OpenJDK 64-Bit Server VM (11.0.9+11-b1145.21) for windows-amd64 JRE (11.0.9+11-b1145.21), built on Nov 21 2020 14:37:09 by "" with MS VC++ 14.0 (VS2015)

END.
